2023-01-27 15:01:79 [INFO] - Server started on port 3000
2023-01-27 15:01:68 [INFO] - Server started on port 3000
2023-01-27 15:01:07 [ERROR] - You already have this item.
2023-01-27 15:01:07 [ERROR] - 404
2023-01-27 15:01:07 [ERROR] - You already have this item.
2023-01-27 15:01:91 [ERROR] - item is not defined
2023-01-27 15:01:91 [ERROR] - undefined
2023-01-27 15:01:91 [ERROR] - item is not defined
2023-01-27 15:01:89 [INFO] - Server started on port 3000
2023-01-27 15:01:45 [ERROR] - You already have this item.
2023-01-27 15:01:45 [ERROR] - 404
2023-01-27 15:01:46 [ERROR] - You already have this item.
2023-01-27 15:01:61 [INFO] - Server started on port 3000
2023-01-27 15:01:42 [ERROR] - You already have this item.
2023-01-27 15:01:42 [ERROR] - 404
2023-01-27 15:01:42 [ERROR] - You already have this item.
2023-01-27 15:01:34 [INFO] - Server started on port 3000
2023-01-27 15:01:81 [ERROR] - You already have this item.
2023-01-27 15:01:51 [INFO] - Server started on port 3000
2023-01-27 16:01:73 [INFO] - Server started on port 3000
2023-01-27 16:01:07 [INFO] - Server started on port 3000
2023-01-27 16:01:44 [ERROR] - You already have this item.
2023-01-27 16:01:19 [ERROR] - You already have this item.
2023-01-27 16:01:86 [INFO] - Server started on port 3000
2023-01-27 16:01:11 [INFO] - Server started on port 3000
2023-01-27 16:01:33 [INFO] - Server started on port 3000
2023-01-27 16:01:02 [INFO] - Server started on port 3000
2023-01-27 16:01:29 [INFO] - Server started on port 3000
2023-01-27 16:01:71 [INFO] - Server started on port 3000
2023-01-27 16:01:08 [INFO] - Server started on port 3000
2023-01-27 16:01:72 [INFO] - Server started on port 3000
2023-01-27 16:01:10 [INFO] - Server started on port 3000
2023-01-27 16:01:62 [ERROR] - You already have this item.
2023-01-27 16:01:75 [ERROR] - You already have this item.
2023-01-27 16:01:10 [INFO] - Server started on port 3000
2023-01-27 16:01:88 [INFO] - Server started on port 3000
2023-01-27 16:01:41 [INFO] - Server started on port 3000
2023-01-27 16:01:30 [INFO] - Server started on port 3000
2023-01-27 16:01:27 [INFO] - Server started on port 3000
2023-01-27 16:01:43 [INFO] - Server started on port 3000
2023-01-27 16:01:08 [INFO] - Server started on port 3000
2023-01-27 16:01:87 [INFO] - Server started on port 3000
2023-01-27 16:01:99 [INFO] - Server started on port 3000
2023-01-27 16:01:90 [INFO] - Server started on port 3000
2023-01-27 16:01:48 [INFO] - Server started on port 3000
2023-01-27 16:01:31 [INFO] - Server started on port 3000
2023-01-27 16:01:05 [INFO] - Server started on port 3000
2023-01-27 16:01:73 [INFO] - Server started on port 3000
2023-01-27 16:01:11 [INFO] - Server started on port 3000
2023-01-27 16:01:55 [INFO] - Server started on port 3000
2023-01-27 16:01:35 [INFO] - Server started on port 3000
2023-01-27 16:01:47 [INFO] - Server started on port 3000
2023-01-27 16:01:57 [INFO] - Server started on port 3000
2023-01-27 16:01:06 [INFO] - Server started on port 3000
2023-01-27 16:01:14 [INFO] - Server started on port 3000
2023-01-27 16:01:84 [INFO] - Server started on port 3000
2023-01-27 16:01:94 [INFO] - Server started on port 3000
2023-01-27 16:01:68 [INFO] - Server started on port 3000
2023-01-27 16:01:57 [INFO] - Server started on port 3000
2023-01-27 16:01:82 [INFO] - Server started on port 3000
2023-01-27 16:01:92 [INFO] - Server started on port 3000
2023-01-27 16:01:62 [INFO] - Server started on port 3000
2023-01-27 16:01:57 [INFO] - Server started on port 3000
2023-01-27 16:01:59 [INFO] - Server started on port 3000
2023-01-27 16:01:54 [INFO] - Server started on port 3000
2023-01-27 16:01:08 [INFO] - Server started on port 3000
2023-01-27 16:01:06 [INFO] - Server started on port 3000
2023-01-27 16:01:89 [INFO] - Server started on port 3000
2023-01-27 16:01:23 [INFO] - Server started on port 3000
2023-01-27 16:01:30 [INFO] - Server started on port 3000
2023-01-27 16:01:59 [INFO] - Server started on port 3000
2023-01-27 16:01:64 [INFO] - Server started on port 3000
2023-01-27 16:01:17 [INFO] - Server started on port 3000
2023-01-27 16:01:65 [INFO] - Server started on port 3000
2023-01-27 16:01:09 [INFO] - Server started on port 3000
2023-01-27 16:01:38 [INFO] - Server started on port 3000
2023-01-27 16:01:76 [INFO] - Server started on port 3000
2023-01-27 16:01:27 [INFO] - Server started on port 3000
2023-01-27 16:01:80 [INFO] - Server started on port 3000
2023-01-27 16:01:60 [INFO] - Server started on port 3000
2023-01-27 16:01:67 [INFO] - Server started on port 3000
2023-01-27 16:01:22 [INFO] - Server started on port 3000
2023-01-27 16:01:45 [INFO] - Server started on port 3000
2023-01-27 16:01:67 [INFO] - Server started on port 3000
2023-01-27 16:01:46 [INFO] - Server started on port 3000
2023-01-27 17:01:65 [INFO] - Server started on port 3000
2023-01-27 17:01:40 [INFO] - Server started on port 3000
2023-01-27 17:01:88 [INFO] - Server started on port 3000
2023-01-27 17:01:80 [INFO] - Server started on port 3000
2023-01-27 17:01:42 [INFO] - Server started on port 3000
2023-01-27 17:01:92 [INFO] - Server started on port 3000
2023-01-27 17:01:85 [INFO] - Server started on port 3000
2023-01-27 17:01:38 [INFO] - Server started on port 3000
2023-01-27 17:01:65 [INFO] - Server started on port 3000
2023-01-27 17:01:51 [INFO] - Server started on port 3000
2023-01-27 17:01:16 [INFO] - Server started on port 3000
2023-01-27 17:01:65 [INFO] - Server started on port 3000
2023-01-27 17:01:65 [INFO] - Server started on port 3000
2023-01-27 17:01:99 [INFO] - Server started on port 3000
2023-01-27 17:01:23 [INFO] - Server started on port 3000
2023-01-27 17:01:75 [INFO] - Server started on port 3000
2023-01-27 17:01:08 [INFO] - Server started on port 3000
2023-01-27 17:01:01 [INFO] - Server started on port 3000
2023-01-27 18:01:24 [INFO] - Server started on port 3000
2023-01-30 11:01:46 [INFO] - Server started on port 3000
2023-01-30 11:01:83 [INFO] - Server started on port 3000
2023-01-30 11:01:34 [INFO] - Server started on port 3000
2023-01-30 11:01:96 [INFO] - Server started on port 3000
2023-01-30 11:01:100 [INFO] - Server started on port 3000
2023-01-30 11:01:36 [INFO] - Server started on port 3000
2023-01-30 11:01:60 [INFO] - Server started on port 3000
2023-01-30 11:01:56 [INFO] - Server started on port 3000
2023-01-30 11:01:88 [INFO] - Server started on port 3000
2023-01-30 11:01:53 [INFO] - Server started on port 3000
2023-01-30 11:01:56 [INFO] - Server started on port 3000
2023-01-30 11:01:58 [INFO] - Server started on port 3000
2023-01-30 11:01:46 [INFO] - Server started on port 3000
2023-01-30 11:01:97 [INFO] - Server started on port 3000
2023-01-30 11:01:92 [INFO] - Server started on port 3000
2023-01-30 11:01:06 [INFO] - Server started on port 3000
2023-01-30 12:01:86 [INFO] - Server started on port 3000
2023-01-30 12:01:55 [INFO] - Server started on port 3000
2023-01-30 12:01:13 [INFO] - Server started on port 3000
2023-01-30 12:01:25 [INFO] - Server started on port 3000
2023-01-30 12:01:34 [INFO] - Server started on port 3000
2023-01-30 12:01:37 [INFO] - Server started on port 3000
2023-01-30 12:01:75 [INFO] - Server started on port 3000
2023-01-30 12:01:62 [INFO] - Server started on port 3000
2023-01-30 12:01:10 [INFO] - Server started on port 3000
2023-01-30 12:01:36 [INFO] - Server started on port 3000
2023-01-30 12:01:09 [INFO] - Server started on port 3000
2023-01-30 12:01:34 [INFO] - Server started on port 3000
2023-01-30 12:01:61 [INFO] - Server started on port 3000
2023-01-30 12:01:02 [INFO] - Server started on port 3000
2023-01-30 12:01:95 [INFO] - Server started on port 3000
2023-01-30 12:01:50 [INFO] - Server started on port 3000
2023-01-30 12:01:90 [INFO] - Server started on port 3000
2023-01-30 12:01:20 [INFO] - Server started on port 3000
2023-01-30 12:01:40 [INFO] - Server started on port 3000
2023-01-30 12:01:23 [INFO] - Server started on port 3000
2023-01-30 12:01:12 [INFO] - Server started on port 3000
2023-01-30 12:01:22 [INFO] - Server started on port 3000
2023-01-30 12:01:47 [INFO] - Server started on port 3000
2023-01-30 12:01:57 [INFO] - Server started on port 3000
2023-01-30 12:01:09 [INFO] - Server started on port 3000
2023-01-30 12:01:25 [INFO] - Server started on port 3000
2023-01-30 12:01:77 [INFO] - Server started on port 3000
2023-01-30 12:01:99 [INFO] - Server started on port 3000
2023-01-30 12:01:57 [INFO] - Server started on port 3000
2023-01-30 12:01:06 [INFO] - Server started on port 3000
2023-01-30 12:01:50 [INFO] - Server started on port 3000
2023-01-30 12:01:65 [INFO] - Server started on port 3000
2023-01-30 12:01:74 [INFO] - Server started on port 3000
2023-01-30 12:01:94 [INFO] - Server started on port 3000
2023-01-30 12:01:70 [INFO] - Server started on port 3000
2023-01-30 12:01:80 [INFO] - Server started on port 3000
2023-01-30 12:01:61 [INFO] - Server started on port 3000
2023-01-30 12:01:66 [INFO] - Server started on port 3000
2023-01-30 12:01:70 [INFO] - Server started on port 3000
2023-01-30 12:01:35 [INFO] - Server started on port 3000
2023-01-30 12:01:54 [INFO] - Server started on port 3000
2023-01-30 12:01:62 [INFO] - Server started on port 3000
2023-01-30 12:01:95 [INFO] - Server started on port 3000
2023-01-30 12:01:85 [INFO] - Server started on port 3000
2023-01-30 12:01:15 [INFO] - Server started on port 3000
2023-01-30 12:01:76 [INFO] - Server started on port 3000
2023-01-30 12:01:57 [INFO] - Server started on port 3000
2023-01-30 12:01:33 [INFO] - Server started on port 3000
2023-01-30 12:01:22 [INFO] - Server started on port 3000
2023-01-30 13:01:69 [INFO] - Server started on port 3000
2023-01-30 13:01:83 [INFO] - Server started on port 3000
2023-01-30 13:01:51 [INFO] - Server started on port 3000
2023-01-30 13:01:11 [INFO] - Server started on port 3000
2023-01-30 13:01:61 [INFO] - Server started on port 3000
2023-01-30 13:01:54 [INFO] - Server started on port 3000
2023-01-30 13:01:46 [INFO] - Server started on port 3000
2023-01-30 13:01:72 [INFO] - Server started on port 3000
2023-01-30 13:01:04 [INFO] - Server started on port 3000
2023-01-30 14:01:72 [INFO] - Server started on port 3000
2023-01-30 14:01:76 [INFO] - Server started on port 3000
2023-01-30 14:01:96 [INFO] - Server started on port 3000
2023-01-30 14:01:81 [INFO] - Server started on port 3000
2023-01-30 14:01:20 [INFO] - Server started on port 3000
2023-01-30 14:01:93 [INFO] - Server started on port 3000
2023-01-30 14:01:34 [INFO] - Server started on port 3000
2023-01-30 14:01:43 [INFO] - Server started on port 3000
2023-01-30 14:01:47 [INFO] - Server started on port 3000
2023-01-30 14:01:82 [INFO] - Server started on port 3000
2023-01-30 14:01:33 [INFO] - Server started on port 3000
2023-01-30 14:01:21 [INFO] - Server started on port 3000
2023-01-30 14:01:99 [INFO] - Server started on port 3000
2023-01-30 14:01:65 [INFO] - Server started on port 3000
2023-01-30 14:01:40 [INFO] - Server started on port 3000
2023-01-30 14:01:32 [INFO] - Server started on port 3000
2023-01-30 14:01:54 [INFO] - Server started on port 3000
2023-01-30 14:01:85 [INFO] - Server started on port 3000
2023-01-30 14:01:61 [INFO] - Server started on port 3000
2023-01-30 14:01:09 [INFO] - Server started on port 3000
2023-01-30 14:01:57 [INFO] - Server started on port 3000
2023-01-30 14:01:64 [INFO] - Server started on port 3000
2023-01-30 14:01:71 [INFO] - Server started on port 3000
2023-01-30 14:01:23 [INFO] - Server started on port 3000
2023-01-30 14:01:73 [INFO] - Server started on port 3000
2023-01-30 14:01:83 [INFO] - Server started on port 3000
2023-01-30 14:01:45 [INFO] - Server started on port 3000
2023-01-30 14:01:19 [INFO] - Server started on port 3000
2023-01-30 14:01:13 [INFO] - Server started on port 3000
2023-01-30 14:01:19 [INFO] - Server started on port 3000
2023-01-30 14:01:48 [INFO] - Server started on port 3000
2023-01-30 14:01:61 [INFO] - Server started on port 3000
2023-01-30 14:01:30 [INFO] - Server started on port 3000
2023-01-30 14:01:41 [INFO] - Server started on port 3000
2023-01-30 14:01:12 [INFO] - Server started on port 3000
2023-01-30 14:01:23 [INFO] - Server started on port 3000
2023-01-30 14:01:78 [INFO] - Server started on port 3000
2023-01-30 14:01:94 [INFO] - Server started on port 3000
2023-01-30 14:01:83 [INFO] - Server started on port 3000
2023-01-30 14:01:91 [INFO] - Server started on port 3000
2023-01-30 14:01:73 [INFO] - Server started on port 3000
2023-01-30 14:01:09 [INFO] - Server started on port 3000
2023-01-30 14:01:80 [INFO] - Server started on port 3000
2023-01-30 14:01:80 [INFO] - Server started on port 3000
2023-01-30 14:01:52 [INFO] - Server started on port 3000
2023-01-30 14:01:47 [INFO] - Server started on port 3000
2023-01-30 14:01:34 [INFO] - Server started on port 3000
2023-01-30 14:01:31 [INFO] - Server started on port 3000
2023-01-30 14:01:27 [INFO] - Server started on port 3000
2023-01-30 14:01:15 [INFO] - Server started on port 3000
2023-01-30 14:01:88 [INFO] - Server started on port 3000
2023-01-30 15:01:64 [INFO] - Server started on port 3000
2023-01-30 15:01:26 [INFO] - Server started on port 3000
2023-01-30 15:01:45 [INFO] - Server started on port 3000
2023-01-30 15:01:54 [INFO] - Server started on port 3000
2023-01-30 15:01:62 [INFO] - Server started on port 3000
2023-01-30 15:01:91 [INFO] - Server started on port 3000
2023-01-30 15:01:71 [INFO] - Server started on port 3000
2023-01-30 15:01:95 [INFO] - Server started on port 3000
2023-01-30 15:01:35 [INFO] - Server started on port 3000
2023-01-30 15:01:93 [INFO] - Server started on port 3000
2023-01-30 15:01:80 [INFO] - Server started on port 3000
2023-01-30 15:01:49 [INFO] - Server started on port 3000
2023-01-30 15:01:03 [INFO] - Server started on port 3000
2023-01-30 15:01:20 [INFO] - Server started on port 3000
2023-01-30 15:01:93 [INFO] - Server started on port 3000
2023-01-30 15:01:14 [INFO] - Server started on port 3000
2023-01-30 15:01:66 [INFO] - Server started on port 3000
2023-01-30 15:01:98 [INFO] - Server started on port 3000
2023-01-30 15:01:02 [INFO] - Server started on port 3000
2023-01-30 15:01:08 [INFO] - Server started on port 3000
2023-01-30 15:01:61 [INFO] - Server started on port 3000
2023-01-30 15:01:24 [INFO] - Server started on port 3000
2023-01-30 15:01:64 [INFO] - Server started on port 3000
2023-01-30 15:01:88 [INFO] - Server started on port 3000
2023-01-30 16:01:64 [INFO] - Server started on port 3000
2023-01-30 16:01:36 [INFO] - Server started on port 3000
2023-01-30 16:01:61 [INFO] - Server started on port 3000
2023-01-30 16:01:35 [INFO] - Server started on port 3000
2023-01-30 16:01:62 [INFO] - Server started on port 3000
2023-01-30 16:01:16 [INFO] - Server started on port 3000
2023-01-30 16:01:74 [INFO] - Server started on port 3000
2023-01-30 16:01:52 [INFO] - Server started on port 3000
2023-01-30 16:01:09 [INFO] - Server started on port 3000
2023-01-30 16:01:07 [INFO] - Server started on port 3000
2023-01-30 16:01:29 [INFO] - Server started on port 3000
2023-01-30 16:01:00 [INFO] - Server started on port 3000
2023-01-30 16:01:57 [INFO] - Server started on port 3000
2023-01-30 16:01:69 [INFO] - Server started on port 3000
2023-01-30 16:01:99 [INFO] - Server started on port 3000
2023-01-30 16:01:58 [INFO] - Server started on port 3000
2023-01-30 16:01:56 [INFO] - Server started on port 3000
2023-01-30 16:01:43 [INFO] - Server started on port 3000
2023-01-30 16:01:42 [INFO] - Server started on port 3000
2023-01-30 16:01:13 [INFO] - Server started on port 3000
2023-01-30 16:01:70 [INFO] - Server started on port 3000
2023-01-30 16:01:68 [INFO] - Server started on port 3000
2023-01-30 16:01:90 [INFO] - Server started on port 3000
2023-01-30 16:01:46 [INFO] - Server started on port 3000
2023-01-30 16:01:06 [INFO] - Server started on port 3000
2023-01-30 16:01:20 [INFO] - Server started on port 3000
2023-01-30 16:01:65 [INFO] - Server started on port 3000
2023-01-30 16:01:35 [INFO] - Server started on port 3000
2023-01-30 16:01:57 [INFO] - Server started on port 3000
2023-01-30 16:01:71 [INFO] - Server started on port 3000
2023-01-30 17:01:25 [INFO] - Server started on port 3000
2023-01-30 17:01:57 [INFO] - Server started on port 3000
2023-01-30 17:01:62 [INFO] - Server started on port 3000
2023-01-30 17:01:16 [INFO] - Server started on port 3000
2023-01-30 17:01:18 [INFO] - Server started on port 3000
2023-01-30 17:01:68 [INFO] - Server started on port 3000
2023-01-30 17:01:64 [INFO] - Server started on port 3000
2023-01-30 17:01:16 [INFO] - Server started on port 3000
2023-01-30 17:01:60 [INFO] - Server started on port 3000
2023-01-30 17:01:71 [INFO] - Server started on port 3000
2023-01-30 17:01:94 [INFO] - Server started on port 3000
2023-01-30 17:01:67 [INFO] - Server started on port 3000
2023-01-30 17:01:56 [INFO] - Server started on port 3000
2023-01-30 17:01:51 [INFO] - Server started on port 3000
2023-01-30 17:01:71 [INFO] - Server started on port 3000
2023-01-30 17:01:28 [INFO] - Server started on port 3000
2023-01-30 17:01:48 [INFO] - Server started on port 3000
2023-01-30 17:01:09 [INFO] - Server started on port 3000
2023-01-30 17:01:48 [INFO] - Server started on port 3000
2023-01-30 17:01:35 [INFO] - Server started on port 3000
2023-01-30 17:01:13 [INFO] - Server started on port 3000
2023-01-30 17:01:90 [INFO] - Server started on port 3000
2023-01-30 17:01:98 [INFO] - Server started on port 3000
2023-01-30 17:01:24 [INFO] - Server started on port 3000
2023-01-30 17:01:49 [INFO] - Server started on port 3000
2023-01-30 17:01:16 [INFO] - Server started on port 3000
2023-01-30 17:01:40 [INFO] - Server started on port 3000
2023-01-30 17:01:10 [INFO] - Server started on port 3000
2023-01-30 17:01:46 [INFO] - Server started on port 3000
2023-01-30 17:01:94 [INFO] - Server started on port 3000
2023-01-30 17:01:16 [INFO] - Server started on port 3000
2023-01-30 17:01:63 [INFO] - Server started on port 3000
2023-01-30 17:01:75 [INFO] - Server started on port 3000
2023-01-30 17:01:51 [INFO] - Server started on port 3000
2023-01-30 17:01:15 [INFO] - Server started on port 3000
2023-01-30 18:01:13 [INFO] - Server started on port 3000
2023-01-30 18:01:75 [INFO] - Server started on port 3000
2023-01-30 18:01:39 [INFO] - Server started on port 3000
2023-01-30 18:01:56 [INFO] - Server started on port 3000
2023-01-30 18:01:13 [INFO] - Server started on port 3000
2023-01-30 18:01:32 [INFO] - Server started on port 3000
2023-01-30 18:01:35 [INFO] - Server started on port 3000
2023-01-31 11:01:69 [INFO] - Server started on port 3000
2023-01-31 11:01:60 [INFO] - Server started on port 3000
2023-01-31 11:01:06 [INFO] - Server started on port 3000
2023-01-31 11:01:23 [INFO] - Server started on port 3000
2023-01-31 11:01:30 [INFO] - Server started on port 3000
2023-01-31 11:01:86 [INFO] - Server started on port 3000
2023-01-31 11:01:55 [INFO] - Server started on port 3000
2023-01-31 11:01:19 [INFO] - Server started on port 3000
2023-01-31 11:01:67 [INFO] - Server started on port 3000
2023-01-31 11:01:11 [INFO] - Server started on port 3000
2023-01-31 11:01:78 [INFO] - Server started on port 3000
2023-01-31 11:01:27 [INFO] - Server started on port 3000
2023-01-31 11:01:100 [INFO] - Server started on port 3000
2023-01-31 11:01:34 [INFO] - Server started on port 3000
2023-01-31 11:01:45 [INFO] - Server started on port 3000
2023-01-31 11:01:36 [INFO] - Server started on port 3000
2023-01-31 11:01:47 [INFO] - Server started on port 3000
2023-01-31 11:01:61 [INFO] - Server started on port 3000
2023-01-31 11:01:72 [INFO] - Server started on port 3000
2023-01-31 11:01:27 [INFO] - Server started on port 3000
2023-01-31 11:01:61 [INFO] - Server started on port 3000
2023-01-31 11:01:92 [INFO] - Server started on port 3000
2023-01-31 11:01:92 [INFO] - Server started on port 3000
2023-01-31 11:01:66 [INFO] - Server started on port 3000
2023-01-31 11:01:89 [INFO] - Server started on port 3000
2023-01-31 11:01:93 [INFO] - Server started on port 3000
2023-01-31 11:01:77 [INFO] - Server started on port 3000
2023-01-31 11:01:07 [INFO] - Server started on port 3000
2023-01-31 11:01:37 [INFO] - Server started on port 3000
2023-01-31 11:01:20 [INFO] - Server started on port 3000
2023-01-31 11:01:81 [INFO] - Server started on port 3000
2023-01-31 11:01:37 [INFO] - Server started on port 3000
2023-01-31 11:01:23 [INFO] - Server started on port 3000
2023-01-31 11:01:21 [INFO] - Server started on port 3000
2023-01-31 11:01:86 [INFO] - Server started on port 3000
2023-01-31 11:01:28 [INFO] - Server started on port 3000
2023-01-31 11:01:57 [INFO] - Server started on port 3000
2023-01-31 11:01:16 [INFO] - Server started on port 3000
2023-01-31 11:01:87 [INFO] - Server started on port 3000
2023-01-31 11:01:60 [INFO] - Server started on port 3000
2023-01-31 11:01:33 [INFO] - Server started on port 3000
2023-01-31 11:01:26 [INFO] - Server started on port 3000
2023-01-31 11:01:70 [INFO] - Server started on port 3000
2023-01-31 11:01:05 [INFO] - Server started on port 3000
2023-01-31 11:01:78 [INFO] - Server started on port 3000
2023-01-31 11:01:16 [INFO] - Server started on port 3000
2023-01-31 11:01:41 [INFO] - Server started on port 3000
2023-01-31 12:01:58 [INFO] - Server started on port 3000
2023-01-31 12:01:76 [INFO] - Server started on port 3000
2023-01-31 12:01:67 [INFO] - Server started on port 3000
2023-01-31 12:01:74 [INFO] - Server started on port 3000
2023-01-31 12:01:80 [INFO] - Server started on port 3000
2023-01-31 12:01:90 [INFO] - Server started on port 3000
2023-01-31 12:01:11 [INFO] - Server started on port 3000
2023-01-31 12:01:34 [INFO] - Server started on port 3000
2023-01-31 12:01:88 [INFO] - Server started on port 3000
2023-01-31 12:01:19 [INFO] - Server started on port 3000
2023-01-31 12:01:46 [INFO] - Server started on port 3000
2023-01-31 12:01:14 [INFO] - Server started on port 3000
2023-01-31 12:01:97 [INFO] - Server started on port 3000
2023-01-31 12:01:15 [INFO] - Server started on port 3000
2023-01-31 12:01:66 [INFO] - Server started on port 3000
